<?xml version="1.0" encoding="UTF-8"?>
<testsuite xmlns:xsi="http://www.w3.org/2001/XMLSchema-instance" xsi:noNamespaceSchemaLocation="https://maven.apache.org/surefire/maven-surefire-plugin/xsd/surefire-test-report.xsd" name="com.waes.test.jsondiffapi.service.impl.JsonRecordServiceImplTest" time="1.68" tests="7" errors="0" skipped="0" failures="0">
  <properties>
[...]
</properties>
  <testcase name="should_save_right_json_on_a_new_record" classname="com.waes.test.jsondiffapi.service.impl.JsonRecordServiceImplTest" time="1.532"/>
  <testcase name="should_throw_InvalidDataException_and_not_save_letf_json_when_encoded_data_is_not_a_valid_json" classname="com.waes.test.jsondiffapi.service.impl.JsonRecordServiceImplTest" time="0.089"/>
  <testcase name="should_save_letf_json_on_a_new_record" classname="com.waes.test.jsondiffapi.service.impl.JsonRecordServiceImplTest" time="0.003"/>
  <testcase name="should_save_right_json_on_an_existing_record" classname="com.waes.test.jsondiffapi.service.impl.JsonRecordServiceImplTest" time="0.003"/>
  <testcase name="should_save_letf_json_on_an_existing_record" classname="com.waes.test.jsondiffapi.service.impl.JsonRecordServiceImplTest" time="0.004"/>
  <testcase name="should_throw_InvalidDataException_and_not_save_letf_json_when_no_base64_encoding" classname="com.waes.test.jsondiffapi.service.impl.JsonRecordServiceImplTest" time="0.024"/>
  <testcase name="should_not_save_letf_json_when_invalid_base64_encoding" classname="com.waes.test.jsondiffapi.service.impl.JsonRecordServiceImplTest" time="0.022"/>
</testsuite>